app/build/outputs/logs/manifest-merger-debug-report.txt
-- Merging decision tree log ---
manifest
ADDED from src/main/AndroidManifest.xml:2:1-50:12
INJECTED from src/main/AndroidManifest.xml:2:1-50:12
INJECTED from src/main/AndroidManifest.xml:2:1-50:12
INJECTED from src/main/AndroidManifest.xml:2:1-50:12
MERGED from [com.android.support:design:27.1.1] AndroidManifest.xml:17:1-22:12
MERGED from [com.android.support:appcompat-v7:27.1.1] AndroidManifest.xml:17:1-22:12
MERGED from [com.android.support.constraint:constraint-layout:1.0.2] AndroidManifest.xml:2:1-11:12
MERGED from [com.android.support:animated-vector-drawable:27.1.1] AndroidManifest.xml:17:1-22:12
MERGED from [com.android.support:support-vector-drawable:27.1.1] AndroidManifest.xml:17:1-22:12
MERGED from [io.reactivex.rxjava2:rxandroid:2.0.2] AndroidManifest.xml:15:1-21:12
MERGED from [android.arch.persistence.room:rxjava2:1.1.0] AndroidManifest.xml:17:1-22:12
MERGED from [android.arch.persistence.room:runtime:1.1.0] AndroidManifest.xml:17:1-22:12
MERGED from [com.android.support:support-v4:27.1.1] AndroidManifest.xml:17:1-22:12
MERGED from [com.android.support:support-fragment:27.1.1] AndroidManifest.xml:17:1-22:12
MERGED from [com.android.support:recyclerview-v7:27.1.1] AndroidManifest.xml:17:1-22:12
MERGED from [com.android.support:transition:27.1.1] AndroidManifest.xml:17:1-22:12
MERGED from [com.android.support:support-core-ui:27.1.1] AndroidManifest.xml:17:1-22:12
MERGED from [com.android.support:support-media-compat:27.1.1] AndroidManifest.xml:17:1-22:12
MERGED from [com.android.support:support-core-utils:27.1.1] AndroidManifest.xml:17:1-22:12
MERGED from [com.android.support:support-compat:27.1.1] AndroidManifest.xml:17:1-22:12
MERGED from [android.arch.persistence:db-framework:1.1.0] AndroidManifest.xml:17:1-22:12
MERGED from [android.arch.persistence:db:1.1.0] AndroidManifest.xml:17:1-22:12
MERGED from [android.arch.lifecycle:livedata-core:1.1.0] AndroidManifest.xml:17:1-22:12
MERGED from [android.arch.core:runtime:1.1.1] AndroidManifest.xml:17:1-22:12
MERGED from [android.arch.lifecycle:runtime:1.1.0] AndroidManifest.xml:17:1-22:12
MERGED from [android.arch.lifecycle:viewmodel:1.1.0] AndroidManifest.xml:17:1-22:12
INJECTED from src/main/AndroidManifest.xml:2:1-50:12
INJECTED from src/main/AndroidManifest.xml:2:1-50:12
INJECTED from src/main/AndroidManifest.xml:2:1-50:12
	package
		ADDED from src/main/AndroidManifest.xml:3:5-35
		INJECTED from src/main/AndroidManifest.xml
		INJECTED from src/main/AndroidManifest.xml
	android:versionName
		INJECTED from src/main/AndroidManifest.xml
		ADDED from src/main/AndroidManifest.xml:2:1-50:12
		INJECTED from src/main/AndroidManifest.xml
	android:versionCode
		INJECTED from src/main/AndroidManifest.xml
		ADDED from src/main/AndroidManifest.xml:2:1-50:12
		INJECTED from src/main/AndroidManifest.xml
	xmlns:android
		ADDED from src/main/AndroidManifest.xml:2:11-69
uses-permission#android.permission.INTERNET
ADDED from src/main/AndroidManifest.xml:5:5-67
	android:name
		ADDED from src/main/AndroidManifest.xml:5:22-64
application
ADDED from src/main/AndroidManifest.xml:7:5-48:19
MERGED from [com.android.support.constraint:constraint-layout:1.0.2] AndroidManifest.xml:9:5-20
MERGED from [com.android.support.constraint:constraint-layout:1.0.2] AndroidManifest.xml:9:5-20
	android:supportsRtl
		ADDED from src/main/AndroidManifest.xml:12:9-35
	android:label
		ADDED from src/main/AndroidManifest.xml:10:9-41
	android:roundIcon
		ADDED from src/main/AndroidManifest.xml:11:9-54
	android:icon
		ADDED from src/main/AndroidManifest.xml:9:9-43
	android:allowBackup
		ADDED from src/main/AndroidManifest.xml:8:9-35
	android:theme
		ADDED from src/main/AndroidManifest.xml:13:9-40
activity#com.asutosh.rxtrials.Activity.RealWorldUseCases.RetrofitApiCall.RetrofitInRxJava
ADDED from src/main/AndroidManifest.xml:15:9-107
	android:name
		ADDED from src/main/AndroidManifest.xml:15:20-95
activity#com.asutosh.rxtrials.Activity.BasicSyntax.TheSimplestSubscription
ADDED from src/main/AndroidManifest.xml:17:9-91
	android:name
		ADDED from src/main/AndroidManifest.xml:17:19-79
activity#com.asutosh.rxtrials.Activity.BasicSyntax.EmitAndReceiveObjectsArray
ADDED from src/main/AndroidManifest.xml:19:9-94
	android:name
		ADDED from src/main/AndroidManifest.xml:19:19-82
activity#com.asutosh.rxtrials.Activity.BasicSyntax.EmitAndReceiveObjectsList
ADDED from src/main/AndroidManifest.xml:21:9-93
	android:name
		ADDED from src/main/AndroidManifest.xml:21:19-81
activity#com.asutosh.rxtrials.Activity.CommonOperators.FlatMap
ADDED from src/main/AndroidManifest.xml:23:9-79
	android:name
		ADDED from src/main/AndroidManifest.xml:23:19-67
activity#com.asutosh.rxtrials.Activity.CommonOperators.ConcatMap
ADDED from src/main/AndroidManifest.xml:25:9-81
	android:name
		ADDED from src/main/AndroidManifest.xml:25:19-69
activity#com.asutosh.rxtrials.Activity.CommonOperators.Filter
ADDED from src/main/AndroidManifest.xml:27:9-78
	android:name
		ADDED from src/main/AndroidManifest.xml:27:19-66
activity#com.asutosh.rxtrials.Activity.CommonOperators.Map
ADDED from src/main/AndroidManifest.xml:29:9-75
	android:name
		ADDED from src/main/AndroidManifest.xml:29:19-63
activity#com.asutosh.rxtrials.Activity.CommonOperators.RangeAndBuffer
ADDED from src/main/AndroidManifest.xml:31:9-86
	android:name
		ADDED from src/main/AndroidManifest.xml:31:19-74
activity#com.asutosh.rxtrials.Activity.CommonOperators.CombineLatest
ADDED from src/main/AndroidManifest.xml:33:9-85
	android:name
		ADDED from src/main/AndroidManifest.xml:33:19-73
activity#com.asutosh.rxtrials.Activity.CommonOperators.Concat
ADDED from src/main/AndroidManifest.xml:35:9-78
	android:name
		ADDED from src/main/AndroidManifest.xml:35:19-66
activity#com.asutosh.rxtrials.Activity.RealWorldUseCases.SQLiteUsingRoom.RoomSqliteActivity
ADDED from src/main/AndroidManifest.xml:37:9-108
	android:name
		ADDED from src/main/AndroidManifest.xml:37:19-96
activity#com.asutosh.rxtrials.Activity.RealWorldUseCases.FunctionToObservable
ADDED from src/main/AndroidManifest.xml:39:9-94
	android:name
		ADDED from src/main/AndroidManifest.xml:39:19-82
activity#com.asutosh.rxtrials.Activity.MainActivity
ADDED from src/main/AndroidManifest.xml:41:9-46:20
	android:name
		ADDED from src/main/AndroidManifest.xml:41:19-56
intent-filter#action:name:android.intent.action.MAIN+category:name:android.intent.category.LAUNCHER
ADDED from src/main/AndroidManifest.xml:42:13-45:29
action#android.intent.action.MAIN
ADDED from src/main/AndroidManifest.xml:43:17-69
	android:name
		ADDED from src/main/AndroidManifest.xml:43:25-66
category#android.intent.category.LAUNCHER
ADDED from src/main/AndroidManifest.xml:44:17-77
	android:name
		ADDED from src/main/AndroidManifest.xml:44:27-74
uses-sdk
INJECTED from src/main/AndroidManifest.xml reason: use-sdk injection requested
INJECTED from src/main/AndroidManifest.xml
INJECTED from src/main/AndroidManifest.xml
MERGED from [com.android.support:design:27.1.1] AndroidManifest.xml:20:5-44
MERGED from [com.android.support:design:27.1.1] AndroidManifest.xml:20:5-44
MERGED from [com.android.support:appcompat-v7:27.1.1] AndroidManifest.xml:20:5-44
MERGED from [com.android.support:appcompat-v7:27.1.1] AndroidManifest.xml:20:5-44
MERGED from [com.android.support.constraint:constraint-layout:1.0.2] AndroidManifest.xml:5:5-7:41
MERGED from [com.android.support.constraint:constraint-layout:1.0.2] AndroidManifest.xml:5:5-7:41
MERGED from [com.android.support:animated-vector-drawable:27.1.1] AndroidManifest.xml:20:5-44
MERGED from [com.android.support:animated-vector-drawable:27.1.1] AndroidManifest.xml:20:5-44
MERGED from [com.android.support:support-vector-drawable:27.1.1] AndroidManifest.xml:20:5-44
MERGED from [com.android.support:support-vector-drawable:27.1.1] AndroidManifest.xml:20:5-44
MERGED from [io.reactivex.rxjava2:rxandroid:2.0.2] AndroidManifest.xml:19:5-43
MERGED from [io.reactivex.rxjava2:rxandroid:2.0.2] AndroidManifest.xml:19:5-43
MERGED from [android.arch.persistence.room:rxjava2:1.1.0] AndroidManifest.xml:20:5-44
MERGED from [android.arch.persistence.room:rxjava2:1.1.0] AndroidManifest.xml:20:5-44
MERGED from [android.arch.persistence.room:runtime:1.1.0] AndroidManifest.xml:20:5-44
MERGED from [android.arch.persistence.room:runtime:1.1.0] AndroidManifest.xml:20:5-44
MERGED from [com.android.support:support-v4:27.1.1] AndroidManifest.xml:20:5-44
MERGED from [com.android.support:support-v4:27.1.1] AndroidManifest.xml:20:5-44
MERGED from [com.android.support:support-fragment:27.1.1] AndroidManifest.xml:20:5-44
MERGED from [com.android.support:support-fragment:27.1.1] AndroidManifest.xml:20:5-44
MERGED from [com.android.support:recyclerview-v7:27.1.1] AndroidManifest.xml:20:5-44
MERGED from [com.android.support:recyclerview-v7:27.1.1] AndroidManifest.xml:20:5-44
MERGED from [com.android.support:transition:27.1.1] AndroidManifest.xml:20:5-44
MERGED from [com.android.support:transition:27.1.1] AndroidManifest.xml:20:5-44
MERGED from [com.android.support:support-core-ui:27.1.1] AndroidManifest.xml:20:5-44
MERGED from [com.android.support:support-core-ui:27.1.1] AndroidManifest.xml:20:5-44
MERGED from [com.android.support:support-media-compat:27.1.1] AndroidManifest.xml:20:5-44
MERGED from [com.android.support:support-media-compat:27.1.1] AndroidManifest.xml:20:5-44
MERGED from [com.android.support:support-core-utils:27.1.1] AndroidManifest.xml:20:5-44
MERGED from [com.android.support:support-core-utils:27.1.1] AndroidManifest.xml:20:5-44
MERGED from [com.android.support:support-compat:27.1.1] AndroidManifest.xml:20:5-44
MERGED from [com.android.support:support-compat:27.1.1] AndroidManifest.xml:20:5-44
MERGED from [android.arch.persistence:db-framework:1.1.0] AndroidManifest.xml:20:5-44
MERGED from [android.arch.persistence:db-framework:1.1.0] AndroidManifest.xml:20:5-44
MERGED from [android.arch.persistence:db:1.1.0] AndroidManifest.xml:20:5-44
MERGED from [android.arch.persistence:db:1.1.0] AndroidManifest.xml:20:5-44
MERGED from [android.arch.lifecycle:livedata-core:1.1.0] AndroidManifest.xml:20:5-44
MERGED from [android.arch.lifecycle:livedata-core:1.1.0] AndroidManifest.xml:20:5-44
MERGED from [android.arch.core:runtime:1.1.1] AndroidManifest.xml:20:5-44
MERGED from [android.arch.core:runtime:1.1.1] AndroidManifest.xml:20:5-44
MERGED from [android.arch.lifecycle:runtime:1.1.0] AndroidManifest.xml:20:5-44
MERGED from [android.arch.lifecycle:runtime:1.1.0] AndroidManifest.xml:20:5-44
MERGED from [android.arch.lifecycle:viewmodel:1.1.0] AndroidManifest.xml:20:5-44
MERGED from [android.arch.lifecycle:viewmodel:1.1.0] AndroidManifest.xml:20:5-44
INJECTED from src/main/AndroidManifest.xml
INJECTED from src/main/AndroidManifest.xml
	android:targetSdkVersion
		INJECTED from src/main/AndroidManifest.xml
		ADDED from src/main/AndroidManifest.xml
		INJECTED from src/main/AndroidManifest.xml
	android:minSdkVersion
		INJECTED from src/main/AndroidManifest.xml
		ADDED from src/main/AndroidManifest.xml
		INJECTED from src/main/AndroidManifest.xml